#
# A fatal error has been detected by the Java Runtime Environment:
#
#  EXCEPTION_ACCESS_VIOLATION (0xc0000005) at pc=0x000000005e224d07, pid=13132, tid=0x000000000000381c
#
# JRE version: Java(TM) SE Runtime Environment (8.0_221-b11) (build 1.8.0_221-b11)
# Java VM: Java HotSpot(TM) 64-Bit Server VM (25.221-b11 mixed mode windows-amd64 compressed oops)
# Problematic frame:
# V  [jvm.dll+0x214d07]
#
# Failed to write core dump. Minidumps are not enabled by default on client versions of Windows
#
# If you would like to submit a bug report, please visit:
#   http://bugreport.java.com/bugreport/crash.jsp
#

---------------  T H R E A D  ---------------

Current thread (0x0000000025ed8800):  JavaThread "XNIO-1 task-11" [_thread_in_vm, id=14364, stack(0x000000002bf20000,0x000000002c020000)]

siginfo: ExceptionCode=0xc0000005, writing address 0x000000002c010dd0

Registers:
RAX=0x000000002c010dd0, RBX=0x0000000000000007, RCX=0x0000000000006000, RDX=0x0000000000000028
RSP=0x000000002c016dd0, RBP=0x0000000000000000, RSI=0x000000002c016dd0, RDI=0x0000000000000007
R8 =0x0000000000000028, R9 =0x00000000261ed440, R10=0x000000001bf5cb88, R11=0x000000002bf2a1a8
R12=0x00000000261ed440, R13=0x0000000025ed8800, R14=0x000000002c016e98, R15=0x000000001bf5cb88
RIP=0x000000005e224d07, EFLAGS=0x0000000000010202

Top of Stack: (sp=0x000000002c016dd0)
0x000000002c016dd0:   0000000000000000 000000001bd85c70
0x000000002c016de0:   0000000025ed8800 00000000261ed440
0x000000002c016df0:   00000000ffffffff 000000005e225c37
0x000000002c016e00:   000000002c016f00 000000001bf5cb88
0x000000002c016e10:   0000000025ed8800 0000000003bc4d2d
0x000000002c016e20:   0000000000001000 0000000000000004
0x000000002c016e30:   0000000000000000 000000005e2ade4b
0x000000002c016e40:   000000001bf5cb88 0000000025ed8800
0x000000002c016e50:   000000000318c660 0000000078d9c5c0
0x000000002c016e60:   0000000000000000 0000000078dbc820
0x000000002c016e70:   0000000000000001 0000000003120170
0x000000002c016e80:   0000000000000001 000000001bf5cb88
0x000000002c016e90:   0000000025ed8800 000000001fbe9080
0x000000002c016ea0:   0000000000000001 000000002c011000
0x000000002c016eb0:   000000002c0171e0 0000000003226660
0x000000002c016ec0:   0000000003226660 000000005e09fdc3 

Instructions: (pc=0x000000005e224d07)
0x000000005e224ce7:   48 89 6c 24 30 33 ed 66 90 e8 2b 5e 08 00 ff c3
0x000000005e224cf7:   48 63 c8 48 8b c6 48 0f af cf 48 ff c7 48 2b c1
0x000000005e224d07:   89 28 48 63 c3 48 3b 05 95 ab 59 00 7e db 48 8b
0x000000005e224d17:   6c 24 30 48 8b 5c 24 38 48 8b 74 24 40 48 83 c4 


Register to memory mapping:

RAX=0x000000002c010dd0 is pointing into the stack for thread: 0x0000000025ed8800
RBX=0x0000000000000007 is an unknown value
RCX=0x0000000000006000 is an unknown value
RDX=0x0000000000000028 is an unknown value
RSP=0x000000002c016dd0 is pointing into the stack for thread: 0x0000000025ed8800
RBP=0x0000000000000000 is an unknown value
RSI=0x000000002c016dd0 is pointing into the stack for thread: 0x0000000025ed8800
RDI=0x0000000000000007 is an unknown value
R8 =0x0000000000000028 is an unknown value
R9 =0x00000000261ed440 is an unknown value
R10={method} {0x000000001bf5cb90} 'transform' '(Ljava/lang/ClassLoader;Ljava/lang/String;Ljava/lang/Class;Ljava/security/ProtectionDomain;[BZ)[B' in 'sun/instrument/InstrumentationImpl'
R11=0x000000002bf2a1a8 is pointing into the stack for thread: 0x0000000025ed8800
R12=0x00000000261ed440 is an unknown value
R13=0x0000000025ed8800 is a thread
R14=0x000000002c016e98 is pointing into the stack for thread: 0x0000000025ed8800
R15={method} {0x000000001bf5cb90} 'transform' '(Ljava/lang/ClassLoader;Ljava/lang/String;Ljava/lang/Class;Ljava/security/ProtectionDomain;[BZ)[B' in 'sun/instrument/InstrumentationImpl'


Stack: [0x000000002bf20000,0x000000002c020000],  sp=0x000000002c016dd0,  free space=987k
Native frames: (J=compiled Java code, j=interpreted, Vv=VM code, C=native code)

Java frames: (J=compiled Java code, j=interpreted, Vv=VM code)
J 911  java.lang.ClassLoader.defineClass1(Ljava/lang/String;[BIILjava/security/ProtectionDomain;Ljava/lang/String;)Ljava/lang/Class; (0 bytes) @ 0x000000000339cd1f [0x000000000339cc80+0x9f]
J 847 C1 java.lang.ClassLoader.defineClass(Ljava/lang/String;[BIILjava/security/ProtectionDomain;)Ljava/lang/Class; (43 bytes) @ 0x0000000003381fac [0x0000000003381ea0+0x10c]
J 850 C1 java.net.URLClassLoader.defineClass(Ljava/lang/String;Lsun/misc/Resource;)Ljava/lang/Class; (142 bytes) @ 0x00000000033845a4 [0x0000000003383bc0+0x9e4]
J 769 C1 java.net.URLClassLoader$1.run()Ljava/lang/Class; (63 bytes) @ 0x0000000003362f4c [0x0000000003362e80+0xcc]
J 768 C1 java.net.URLClassLoader$1.run()Ljava/lang/Object; (5 bytes) @ 0x0000000003362b54 [0x0000000003362b20+0x34]
v  ~StubRoutines::call_stub
J 222  java.security.AccessController.doPrivileged(Ljava/security/PrivilegedExceptionAction;Ljava/security/AccessControlContext;)Ljava/lang/Object; (0 bytes) @ 0x000000000327d0a6 [0x000000000327d040+0x66]
J 679 C1 java.net.URLClassLoader.findClass(Ljava/lang/String;)Ljava/lang/Class; (47 bytes) @ 0x00000000033445c4 [0x0000000003344500+0xc4]
J 7414 C1 java.lang.ClassLoader.loadClass(Ljava/lang/String;Z)Ljava/lang/Class; (122 bytes) @ 0x0000000003f15774 [0x0000000003f15460+0x314]
J 652 C1 sun.misc.Launcher$AppClassLoader.loadClass(Ljava/lang/String;Z)Ljava/lang/Class; (85 bytes) @ 0x00000000033377d4 [0x00000000033374e0+0x2f4]
J 761 C1 java.lang.ClassLoader.loadClass(Ljava/lang/String;)Ljava/lang/Class; (7 bytes) @ 0x00000000033606a4 [0x0000000003360660+0x44]
v  ~StubRoutines::call_stub
J 911  java.lang.ClassLoader.defineClass1(Ljava/lang/String;[BIILjava/security/ProtectionDomain;Ljava/lang/String;)Ljava/lang/Class; (0 bytes) @ 0x000000000339cd1f [0x000000000339cc80+0x9f]
J 847 C1 java.lang.ClassLoader.defineClass(Ljava/lang/String;[BIILjava/security/ProtectionDomain;)Ljava/lang/Class; (43 bytes) @ 0x0000000003381fac [0x0000000003381ea0+0x10c]
J 850 C1 java.net.URLClassLoader.defineClass(Ljava/lang/String;Lsun/misc/Resource;)Ljava/lang/Class; (142 bytes) @ 0x00000000033845a4 [0x0000000003383bc0+0x9e4]
J 769 C1 java.net.URLClassLoader$1.run()Ljava/lang/Class; (63 bytes) @ 0x0000000003362f4c [0x0000000003362e80+0xcc]
J 768 C1 java.net.URLClassLoader$1.run()Ljava/lang/Object; (5 bytes) @ 0x0000000003362b54 [0x0000000003362b20+0x34]
v  ~StubRoutines::call_stub
J 222  java.security.AccessController.doPrivileged(Ljava/security/PrivilegedExceptionAction;Ljava/security/AccessControlContext;)Ljava/lang/Object; (0 bytes) @ 0x000000000327d0a6 [0x000000000327d040+0x66]
J 679 C1 java.net.URLClassLoader.findClass(Ljava/lang/String;)Ljava/lang/Class; (47 bytes) @ 0x00000000033445c4 [0x0000000003344500+0xc4]
J 7414 C1 java.lang.ClassLoader.loadClass(Ljava/lang/String;Z)Ljava/lang/Class; (122 bytes) @ 0x0000000003f15774 [0x0000000003f15460+0x314]
J 652 C1 sun.misc.Launcher$AppClassLoader.loadClass(Ljava/lang/String;Z)Ljava/lang/Class; (85 bytes) @ 0x00000000033377d4 [0x00000000033374e0+0x2f4]
J 761 C1 java.lang.ClassLoader.loadClass(Ljava/lang/String;)Ljava/lang/Class; (7 bytes) @ 0x00000000033606a4 [0x0000000003360660+0x44]
v  ~StubRoutines::call_stub
j  io.jsonwebtoken.lang.Classes.<clinit>()V+0
v  ~StubRoutines::call_stub
j  io.jsonwebtoken.Jwts.parserBuilder()Lio/jsonwebtoken/JwtParserBuilder;+2
j  org.springblade.core.secure.utils.SecureUtil.parseJWT(Ljava/lang/String;)Lio/jsonwebtoken/Claims;+0
j  org.springblade.core.secure.utils.SecureUtil.getClaims(Ljavax/servlet/http/HttpServletRequest;)Lio/jsonwebtoken/Claims;+57
j  org.springblade.core.secure.utils.SecureUtil.getUser(Ljavax/servlet/http/HttpServletRequest;)Lorg/springblade/core/secure/BladeUser;+1
j  org.springblade.core.secure.utils.SecureUtil.getUserAccount(Ljavax/servlet/http/HttpServletRequest;)Ljava/lang/String;+1
j  org.springblade.core.log.utils.LogAbstractUtil.addRequestInfoToLog(Ljavax/servlet/http/HttpServletRequest;Lorg/springblade/core/log/model/LogAbstract;)V+60
j  org.springblade.core.log.publisher.ErrorLogPublisher.publishEvent(Ljava/lang/Throwable;Ljava/lang/String;)V+112
j  org.springblade.core.log.error.BladeErrorAttributes.getErrorAttributes(Lorg/springframework/web/context/request/WebRequest;Z)Ljava/util/Map;+125
j  org.springframework.boot.autoconfigure.web.servlet.error.AbstractErrorController.getErrorAttributes(Ljavax/servlet/http/HttpServletRequest;Z)Ljava/util/Map;+15
j  org.springframework.boot.autoconfigure.web.servlet.error.BasicErrorController.error(Ljavax/servlet/http/HttpServletRequest;)Lorg/springframework/http/ResponseEntity;+32
v  ~StubRoutines::call_stub
J 1904  sun.reflect.NativeMethodAccessorImpl.invoke0(Ljava/lang/reflect/Method;Ljava/lang/Object;[Ljava/lang/Object;)Ljava/lang/Object; (0 bytes) @ 0x00000000034fedff [0x00000000034fed80+0x7f]
J 1903 C1 sun.reflect.NativeMethodAccessorImpl.invoke(Ljava/lang/Object;[Ljava/lang/Object;)Ljava/lang/Object; (104 bytes) @ 0x00000000034ff8e4 [0x00000000034ff520+0x3c4]
J 1890 C1 sun.reflect.DelegatingMethodAccessorImpl.invoke(Ljava/lang/Object;[Ljava/lang/Object;)Ljava/lang/Object; (10 bytes) @ 0x00000000034fb9e4 [0x00000000034fb9a0+0x44]
J 1889 C1 java.lang.reflect.Method.invoke(Ljava/lang/Object;[Ljava/lang/Object;)Ljava/lang/Object; (62 bytes) @ 0x00000000034face4 [0x00000000034fabe0+0x104]
j  org.springframework.web.method.support.InvocableHandlerMethod.doInvoke([Ljava/lang/Object;)Ljava/lang/Object;+16
j  org.springframework.web.method.support.InvocableHandlerMethod.invokeForRequest(Lorg/springframework/web/context/request/NativeWebRequest;Lorg/springframework/web/method/support/ModelAndViewContainer;[Ljava/lang/Object;)Ljava/lang/Object;+56
j  org.springframework.web.servlet.mvc.method.annotation.ServletInvocableHandlerMethod.invokeAndHandle(Lorg/springframework/web/context/request/ServletWebRequest;Lorg/springframework/web/method/support/ModelAndViewContainer;[Ljava/lang/Object;)V+4
j  org.springframework.web.servlet.mvc.method.annotation.RequestMappingHandlerAdapter.invokeHandlerMethod(Ljavax/servlet/http/HttpServletRequest;Ljavax/servlet/http/HttpServletResponse;Lorg/springframework/web/method/HandlerMethod;)Lorg/springframework/web/servlet/ModelAndView;+244
j  org.springframework.web.servlet.mvc.method.annotation.RequestMappingHandlerAdapter.handleInternal(Ljavax/servlet/http/HttpServletRequest;Ljavax/servlet/http/HttpServletResponse;Lorg/springframework/web/method/HandlerMethod;)Lorg/springframework/web/servlet/ModelAndView;+81
j  org.springframework.web.servlet.mvc.method.AbstractHandlerMethodAdapter.handle(Ljavax/servlet/http/HttpServletRequest;Ljavax/servlet/http/HttpServletResponse;Ljava/lang/Object;)Lorg/springframework/web/servlet/ModelAndView;+7
j  org.springframework.web.servlet.DispatcherServlet.doDispatch(Ljavax/servlet/http/HttpServletRequest;Ljavax/servlet/http/HttpServletResponse;)V+257
j  org.springframework.web.servlet.DispatcherServlet.doService(Ljavax/servlet/http/HttpServletRequest;Ljavax/servlet/http/HttpServletResponse;)V+212
j  org.springframework.web.servlet.FrameworkServlet.processRequest(Ljavax/servlet/http/HttpServletRequest;Ljavax/servlet/http/HttpServletResponse;)V+71
j  org.springframework.web.servlet.FrameworkServlet.doGet(Ljavax/servlet/http/HttpServletRequest;Ljavax/servlet/http/HttpServletResponse;)V+3
j  javax.servlet.http.HttpServlet.service(Ljavax/servlet/http/HttpServletRequest;Ljavax/servlet/http/HttpServletResponse;)V+35
j  org.springframework.web.servlet.FrameworkServlet.service(Ljavax/servlet/http/HttpServletRequest;Ljavax/servlet/http/HttpServletResponse;)V+33
j  javax.servlet.http.HttpServlet.service(Ljavax/servlet/ServletRequest;Ljavax/servlet/ServletResponse;)V+39
j  io.undertow.servlet.handlers.ServletHandler.handleRequest(Lio/undertow/server/HttpServerExchange;)V+143
j  io.undertow.servlet.handlers.FilterHandler.handleRequest(Lio/undertow/server/HttpServerExchange;)V+88
j  io.undertow.servlet.handlers.security.ServletSecurityRoleHandler.handleRequest(Lio/undertow/server/HttpServerExchange;)V+104
j  io.undertow.servlet.handlers.ServletChain$1.handleRequest(Lio/undertow/server/HttpServerExchange;)V+62
j  io.undertow.servlet.handlers.ServletDispatchingHandler.handleRequest(Lio/undertow/server/HttpServerExchange;)V+19
j  io.undertow.servlet.handlers.RedirectDirHandler.handleRequest(Lio/undertow/server/HttpServerExchange;)V+152
j  io.undertow.server.handlers.PredicateHandler.handleRequest(Lio/undertow/server/HttpServerExchange;)V+27
j  io.undertow.server.handlers.PredicateHandler.handleRequest(Lio/undertow/server/HttpServerExchange;)V+27
j  io.undertow.servlet.handlers.ServletInitialHandler.dispatchRequest(Lio/undertow/server/HttpServerExchange;Lio/undertow/servlet/handlers/ServletRequestContext;Lio/undertow/servlet/handlers/ServletChain;Ljavax/servlet/DispatcherType;)V+47
j  io.undertow.servlet.handlers.ServletInitialHandler.dispatchToPath(Lio/undertow/server/HttpServerExchange;Lio/undertow/servlet/handlers/ServletPathMatch;Ljavax/servlet/DispatcherType;)V+27
j  io.undertow.servlet.spec.RequestDispatcherImpl.error(Lio/undertow/servlet/handlers/ServletRequestContext;Ljavax/servlet/ServletRequest;Ljavax/servlet/ServletResponse;Ljava/lang/String;Ljava/lang/Throwable;Ljava/lang/String;)V+516
j  io.undertow.servlet.spec.RequestDispatcherImpl.error(Lio/undertow/servlet/handlers/ServletRequestContext;Ljavax/servlet/ServletRequest;Ljavax/servlet/ServletResponse;Ljava/lang/String;Ljava/lang/Throwable;)V+13
j  io.undertow.servlet.handlers.ServletInitialHandler.handleFirstRequest(Lio/undertow/server/HttpServerExchange;Lio/undertow/servlet/handlers/ServletRequestContext;)V+411
j  io.undertow.servlet.handlers.ServletInitialHandler.access$100(Lio/undertow/servlet/handlers/ServletInitialHandler;Lio/undertow/server/HttpServerExchange;Lio/undertow/servlet/handlers/ServletRequestContext;)V+3
j  io.undertow.servlet.handlers.ServletInitialHandler$2.call(Lio/undertow/server/HttpServerExchange;Lio/undertow/servlet/handlers/ServletRequestContext;)Ljava/lang/Object;+6
j  io.undertow.servlet.handlers.ServletInitialHandler$2.call(Lio/undertow/server/HttpServerExchange;Ljava/lang/Object;)Ljava/lang/Object;+6
j  io.undertow.servlet.core.ServletRequestContextThreadSetupAction$1.call(Lio/undertow/server/HttpServerExchange;Ljava/lang/Object;)Ljava/lang/Object;+42
j  io.undertow.servlet.core.ContextClassLoaderSetupAction$1.call(Lio/undertow/server/HttpServerExchange;Ljava/lang/Object;)Ljava/lang/Object;+20
j  io.undertow.servlet.handlers.ServletInitialHandler.dispatchRequest(Lio/undertow/server/HttpServerExchange;Lio/undertow/servlet/handlers/ServletRequestContext;Lio/undertow/servlet/handlers/ServletChain;Ljavax/servlet/DispatcherType;)V+33
j  io.undertow.servlet.handlers.ServletInitialHandler.access$000(Lio/undertow/servlet/handlers/ServletInitialHandler;Lio/undertow/server/HttpServerExchange;Lio/undertow/servlet/handlers/ServletRequestContext;Lio/undertow/servlet/handlers/ServletChain;Ljavax/servlet/DispatcherType;)V+6
j  io.undertow.servlet.handlers.ServletInitialHandler$1.handleRequest(Lio/undertow/server/HttpServerExchange;)V+33
j  io.undertow.server.Connectors.executeRootHandler(Lio/undertow/server/HttpHandler;Lio/undertow/server/HttpServerExchange;)V+8
j  io.undertow.server.HttpServerExchange$1.run()V+8
j  java.util.concurrent.ThreadPoolExecutor.runWorker(Ljava/util/concurrent/ThreadPoolExecutor$Worker;)V+95
j  java.util.concurrent.ThreadPoolExecutor$Worker.run()V+5
j  java.lang.Thread.run()V+11
v  ~StubRoutines::call_stub

---------------  P R O C E S S  ---------------

Java Threads: ( => current thread )
  0x000000001e27f000 JavaThread "XNIO-1 task-12" [_thread_blocked, id=2444, stack(0x000000002c120000,0x000000002c220000)]
  0x0000000025c45800 JavaThread "XNIO-1 task-10" [_thread_blocked, id=10896, stack(0x000000002c020000,0x000000002c120000)]
=>0x0000000025ed8800 JavaThread "XNIO-1 task-11" [_thread_in_vm, id=14364, stack(0x000000002bf20000,0x000000002c020000)]
  0x0000000025ed8000 JavaThread "XNIO-1 task-9" [_thread_blocked, id=6948, stack(0x0000000028e10000,0x0000000028f10000)]
  0x000000001e004000 JavaThread "XNIO-1 task-8" [_thread_blocked, id=17124, stack(0x0000000028d10000,0x0000000028e10000)]
  0x000000001e000800 JavaThread "XNIO-1 task-7" [_thread_blocked, id=3864, stack(0x0000000020ad0000,0x0000000020bd0000)]
  0x000000001dfff000 JavaThread "XNIO-1 task-6" [_thread_blocked, id=10888, stack(0x0000000028910000,0x0000000028a10000)]
  0x000000001e002000 JavaThread "com.alibaba.nacos.client.Worker.longPolling.fixed-127.0.0.1_8848" daemon [_thread_blocked, id=14212, stack(0x0000000002d30000,0x0000000002e30000)]
  0x000000001e003800 JavaThread "logback-5" daemon [_thread_blocked, id=7228, stack(0x0000000001250000,0x0000000001350000)]
  0x000000001e001000 JavaThread "lettuce-eventExecutorLoop-1-4" daemon [_thread_blocked, id=15980, stack(0x000000002be20000,0x000000002bf20000)]
  0x000000001e005000 JavaThread "XNIO-1 task-5" [_thread_blocked, id=1540, stack(0x000000002bd20000,0x000000002be20000)]
  0x000000001e002800 JavaThread "com.alibaba.nacos.client.Worker.longPolling.fixed-127.0.0.1_8848" daemon [_thread_blocked, id=648, stack(0x000000002bc20000,0x000000002bd20000)]
  0x000000001dfff800 JavaThread "XNIO-1 task-4" [_thread_blocked, id=10008, stack(0x000000002bb20000,0x000000002bc20000)]
  0x000000001e005800 JavaThread "sentinel-command-center-service-executor-thread-4" [_thread_blocked, id=15672, stack(0x000000002b820000,0x000000002b920000)]
  0x0000000025edb800 JavaThread "sentinel-command-center-service-executor-thread-3" [_thread_blocked, id=4472, stack(0x0000000029710000,0x0000000029810000)]
  0x0000000025ee3000 JavaThread "com.alibaba.nacos.naming.beat.sender" daemon [_thread_blocked, id=5264, stack(0x000000002b720000,0x000000002b820000)]
  0x0000000025ee2800 JavaThread "XNIO-1 task-3" [_thread_blocked, id=6652, stack(0x000000002b620000,0x000000002b720000)]
  0x0000000025ede800 JavaThread "XNIO-1 task-2" [_thread_blocked, id=4764, stack(0x000000002b520000,0x000000002b620000)]
  0x0000000025edf800 JavaThread "lettuce-eventExecutorLoop-1-3" daemon [_thread_blocked, id=13480, stack(0x000000002b420000,0x000000002b520000)]
  0x0000000025ed5000 JavaThread "XNIO-1 task-1" [_thread_blocked, id=6024, stack(0x0000000028f10000,0x0000000029010000)]
  0x0000000025ede000 JavaThread "SimplePauseDetectorThread_2" daemon [_thread_blocked, id=7216, stack(0x000000002b320000,0x000000002b420000)]
  0x0000000025ee1800 JavaThread "SimplePauseDetectorThread_1" daemon [_thread_blocked, id=15992, stack(0x000000002b220000,0x000000002b320000)]
  0x0000000025ee1000 JavaThread "SimplePauseDetectorThread_0" daemon [_thread_blocked, id=1072, stack(0x000000002b120000,0x000000002b220000)]
  0x0000000025ee0000 JavaThread "Thread-55" daemon [_thread_blocked, id=728, stack(0x000000002b020000,0x000000002b120000)]
  0x0000000025ed6800 JavaThread "lettuce-eventExecutorLoop-1-2" daemon [_thread_blocked, id=14656, stack(0x000000002af20000,0x000000002b020000)]
  0x0000000025edd000 JavaThread "lettuce-nioEventLoop-4-1" daemon [_thread_in_native, id=1936, stack(0x0000000029c10000,0x0000000029d10000)]
  0x0000000025ed5800 JavaThread "boundedElastic-1" daemon [_thread_blocked, id=12304, stack(0x0000000029910000,0x0000000029a10000)]
  0x0000000025edc800 JavaThread "boundedElastic-evictor-1" daemon [_thread_blocked, id=15812, stack(0x0000000029810000,0x0000000029910000)]
  0x0000000025ed4000 JavaThread "HikariPool-1 housekeeper" daemon [_thread_blocked, id=15216, stack(0x0000000029410000,0x0000000029510000)]
  0x0000000025eda000 JavaThread "InterruptTimer" daemon [_thread_blocked, id=9948, stack(0x0000000029310000,0x0000000029410000)]
  0x0000000025edb000 JavaThread "oracle.jdbc.driver.BlockSource.ThreadedCachingBlockSource.BlockReleaser" daemon [_thread_blocked, id=13848, stack(0x0000000029010000,0x0000000029110000)]
  0x0000000025ed9800 JavaThread "Timer-1" daemon [_thread_blocked, id=12944, stack(0x0000000028c10000,0x0000000028d10000)]
  0x0000000025ed7000 JavaThread "com.alibaba.nacos.client.Worker.longPolling.fixed-127.0.0.1_8848" daemon [_thread_blocked, id=17088, stack(0x0000000028b10000,0x0000000028c10000)]
  0x0000000025c4b800 JavaThread "com.alibaba.nacos.client.Worker.longPolling.fixed-127.0.0.1_8848" daemon [_thread_in_native, id=2040, stack(0x0000000028a10000,0x0000000028b10000)]
  0x0000000025c47800 JavaThread "DestroyJavaVM" [_thread_blocked, id=1044, stack(0x0000000002c30000,0x0000000002d30000)]
  0x0000000025c4a000 JavaThread "com.alibaba.nacos.naming.beat.sender" daemon [_thread_blocked, id=4944, stack(0x0000000028810000,0x0000000028910000)]
  0x0000000025c49000 JavaThread "XNIO-1 Accept" [_thread_in_native, id=10336, stack(0x0000000028710000,0x0000000028810000)]
  0x0000000025c4a800 JavaThread "XNIO-1 I/O-4" [_thread_in_native, id=2352, stack(0x0000000028610000,0x0000000028710000)]
  0x0000000025c47000 JavaThread "XNIO-1 I/O-3" [_thread_in_native, id=17212, stack(0x0000000028510000,0x0000000028610000)]
  0x0000000025c44800 JavaThread "XNIO-1 I/O-2" [_thread_in_native, id=8400, stack(0x0000000028410000,0x0000000028510000)]
  0x0000000025c46000 JavaThread "XNIO-1 I/O-1" [_thread_in_native, id=16220, stack(0x0000000028310000,0x0000000028410000)]
  0x0000000025c48800 JavaThread "com.alibaba.nacos.client.naming.updater" daemon [_thread_blocked, id=13008, stack(0x0000000028210000,0x0000000028310000)]
  0x0000000025c3d000 JavaThread "sentinel-command-center-service-executor-thread-2" [_thread_blocked, id=4572, stack(0x0000000027f10000,0x0000000028010000)]
  0x0000000025c3f800 JavaThread "scheduling-1" [_thread_blocked, id=4528, stack(0x0000000027e10000,0x0000000027f10000)]
  0x0000000025c44000 JavaThread "com.alibaba.nacos.client.naming.updater" daemon [_thread_blocked, id=14880, stack(0x0000000027d10000,0x0000000027e10000)]
  0x0000000025c3e000 JavaThread "com.alibaba.nacos.naming.push.receiver" daemon [_thread_in_native, id=2564, stack(0x0000000027410000,0x0000000027510000)]
  0x0000000025c41800 JavaThread "com.alibaba.nacos.naming.failover" daemon [_thread_blocked, id=10560, stack(0x0000000027310000,0x0000000027410000)]
  0x0000000025c3e800 JavaThread "com.alibaba.nacos.client.naming.updater" daemon [_thread_blocked, id=8320, stack(0x0000000027210000,0x0000000027310000)]
  0x0000000025c42800 JavaThread "com.alibaba.nacos.client.naming.updater" daemon [_thread_blocked, id=13228, stack(0x0000000027110000,0x0000000027210000)]
  0x0000000025c3c800 JavaThread "com.alibaba.nacos.naming.client.listener" daemon [_thread_blocked, id=11112, stack(0x0000000027010000,0x0000000027110000)]
  0x0000000025c43000 JavaThread "spring.cloud.inetutils" daemon [_thread_blocked, id=15576, stack(0x0000000026f10000,0x0000000027010000)]
  0x0000000025c41000 JavaThread "sentinel-heartbeat-send-task-thread-2" daemon [_thread_blocked, id=12612, stack(0x0000000026e10000,0x0000000026f10000)]
  0x000000001fbc3800 JavaThread "lettuce-eventExecutorLoop-1-1" daemon [_thread_blocked, id=17384, stack(0x0000000026b10000,0x0000000026c10000)]
  0x000000001fbc2000 JavaThread "sentinel-system-status-record-task-thread-1" daemon [_thread_blocked, id=13044, stack(0x00000000245a0000,0x00000000246a0000)]
  0x000000001fbc5800 JavaThread "sentinel-time-tick-thread" daemon [_thread_blocked, id=12276, stack(0x00000000244a0000,0x00000000245a0000)]
  0x000000001fbc2800 JavaThread "sentinel-command-center-service-executor-thread-1" [_thread_blocked, id=14060, stack(0x00000000243a0000,0x00000000244a0000)]
  0x000000001fbc8000 JavaThread "mysql-cj-abandoned-connection-cleanup" daemon [_thread_blocked, id=5724, stack(0x0000000021ad0000,0x0000000021bd0000)]
  0x000000001fbc8800 JavaThread "sentinel-command-center-executor-thread-1" [_thread_in_native, id=13012, stack(0x0000000023ea0000,0x0000000023fa0000)]
  0x000000001fbc5000 JavaThread "RxIoScheduler-1 (Evictor)" daemon [_thread_blocked, id=7828, stack(0x00000000238a0000,0x00000000239a0000)]
  0x000000001fbc6800 JavaThread "sentinel-heartbeat-send-task-thread-1" daemon [_thread_blocked, id=16560, stack(0x00000000237a0000,0x00000000238a0000)]
  0x000000001fbc4000 JavaThread "logback-4" daemon [_thread_blocked, id=2116, stack(0x0000000020bd0000,0x0000000020cd0000)]
  0x000000001fbc7000 JavaThread "Keep-Alive-Timer" daemon [_thread_blocked, id=13936, stack(0x00000000214d0000,0x00000000215d0000)]
  0x000000001fb38800 JavaThread "com.alibaba.nacos.client.Worker.fixed-127.0.0.1_8848" daemon [_thread_blocked, id=11276, stack(0x00000000217d0000,0x00000000218d0000)]
  0x000000001fb2a000 JavaThread "com.alibaba.nacos.client.config.security.updater" daemon [_thread_blocked, id=15504, stack(0x00000000216d0000,0x00000000217d0000)]
  0x000000001fb35800 JavaThread "Timer-0" daemon [_thread_blocked, id=16724, stack(0x00000000215d0000,0x00000000216d0000)]
  0x000000001f7b8800 JavaThread "RMI Scheduler(0)" daemon [_thread_blocked, id=14040, stack(0x0000000020cd0000,0x0000000020dd0000)]
  0x000000001f2c1000 JavaThread "RMI TCP Accept-0" daemon [_thread_in_native, id=4924, stack(0x0000000020190000,0x0000000020290000)]
  0x000000001e849800 JavaThread "Service Thread" daemon [_thread_blocked, id=15828, stack(0x000000001ed80000,0x000000001ee80000)]
  0x000000001e7b8000 JavaThread "C1 CompilerThread2" daemon [_thread_blocked, id=1632, stack(0x000000001ec80000,0x000000001ed80000)]
  0x000000001e7a2000 JavaThread "C2 CompilerThread1" daemon [_thread_blocked, id=3360, stack(0x000000001eb80000,0x000000001ec80000)]
  0x000000001e7a1800 JavaThread "C2 CompilerThread0" daemon [_thread_blocked, id=13676, stack(0x000000001ea80000,0x000000001eb80000)]
  0x000000001e79f000 JavaThread "Monitor Ctrl-Break" daemon [_thread_in_native, id=9820, stack(0x000000001e980000,0x000000001ea80000)]
  0x000000001c738000 JavaThread "Attach Listener" daemon [_thread_blocked, id=16796, stack(0x000000001dc80000,0x000000001dd80000)]
  0x000000001c736800 JavaThread "Signal Dispatcher" daemon [_thread_blocked, id=6416, stack(0x000000001db80000,0x000000001dc80000)]
  0x000000001c714800 JavaThread "Finalizer" daemon [_thread_blocked, id=11540, stack(0x000000001d980000,0x000000001da80000)]
  0x0000000002f2e800 JavaThread "Reference Handler" daemon [_thread_blocked, id=15152, stack(0x000000001d880000,0x000000001d980000)]

Other Threads:
  0x000000001c6e7000 VMThread [stack: 0x000000001d780000,0x000000001d880000] [id=10484]
  0x000000001f2c8000 WatcherThread [stack: 0x0000000020290000,0x0000000020390000] [id=14688]

VM state:not at safepoint (normal execution)

VM Mutex/Monitor currently owned by a thread: None

OutOfMemory and StackOverflow Exception counts:
OutOfMemoryError java_heap_errors=3
StackOverflowErrors=2

heap address: 0x00000006c1600000, size: 4074 MB, Compressed Oops mode: Zero based, Oop shift amount: 3
Narrow klass base: 0x0000000000000000, Narrow klass shift: 3
Compressed class space size: 1073741824 Address: 0x00000007c0000000

Heap:
 PSYoungGen      total 678400K, used 245569K [0x000000076b200000, 0x0000000797f80000, 0x00000007c0000000)
  eden space 659456K, 34% used [0x000000076b200000,0x0000000778f94b40,0x0000000793600000)
  from space 18944K, 98% used [0x0000000796d00000,0x0000000797f3b900,0x0000000797f80000)
  to   space 24576K, 0% used [0x0000000794f80000,0x0000000794f80000,0x0000000796780000)
 ParOldGen       total 197120K, used 42556K [0x00000006c1600000, 0x00000006cd680000, 0x000000076b200000)
  object space 197120K, 21% used [0x00000006c1600000,0x00000006c3f8f3d8,0x00000006cd680000)
 Metaspace       used 73441K, capacity 78154K, committed 78464K, reserved 1116160K
  class space    used 9927K, capacity 10775K, committed 10880K, reserved 1048576K

Card table byte_map: [0x00000000124e0000,0x0000000012ce0000] byte_map_base: 0x000000000eed5000

Marking Bits: (ParMarkBitMap*) 0x000000005e835ce0
 Begin Bits: [0x0000000013630000, 0x00000000175d8000)
 End Bits:   [0x00000000175d8000, 0x000000001b580000)

Polling page: 0x0000000001120000

CodeCache: size=245760Kb used=17459Kb max_used=17459Kb free=228300Kb
 bounds [0x0000000003120000, 0x0000000004230000, 0x0000000012120000]
 total_blobs=9929 nmethods=9254 adapters=584
 compilation: disabled (not enough contiguous free space left)

Compilation events (10 events):
Event: 120.729 Thread 0x000000001e7b8000 9438       1       org.apache.logging.slf4j.SLF4JLogger::isEnabledFor (118 bytes)
Event: 120.729 Thread 0x000000001e7b8000 nmethod 9438 0x000000000422e550 code [0x000000000422e720, 0x000000000422ea48]
Event: 120.729 Thread 0x000000001e7b8000 9439       1       java.nio.channels.spi.AbstractSelectionKey::isValid (5 bytes)
Event: 120.729 Thread 0x000000001e7b8000 nmethod 9439 0x000000000422ec50 code [0x000000000422eda0, 0x000000000422eeb0]
Event: 120.729 Thread 0x000000001e7b8000 9440       1       org.jboss.logging.Log4j2Logger::isEnabled (12 bytes)
Event: 120.729 Thread 0x000000001e7b8000 nmethod 9440 0x000000000422ef10 code [0x000000000422f080, 0x000000000422f258]
Event: 120.813 Thread 0x000000001e7b8000 9441       1       io.undertow.util.HttpString::<init> (110 bytes)
Event: 120.814 Thread 0x000000001e7b8000 nmethod 9441 0x000000000422f350 code [0x000000000422f520, 0x000000000422fae8]
Event: 120.814 Thread 0x000000001e7b8000 9442       1       io.undertow.util.HttpString::checkForNewlines (54 bytes)
Event: 120.822 Thread 0x000000001e7b8000 


GC Heap History (10 events):
Event: 9.584 GC heap before
{Heap before GC invocations=13 (full 2):
 PSYoungGen      total 385024K, used 382314K [0x000000076b200000, 0x0000000783f80000, 0x00000007c0000000)
  eden space 372224K, 100% used [0x000000076b200000,0x0000000781d80000,0x0000000781d80000)
  from space 12800K, 78% used [0x0000000783300000,0x0000000783cdaa80,0x0000000783f80000)
  to   space 17408K, 0% used [0x0000000781d80000,0x0000000781d80000,0x0000000782e80000)
 ParOldGen       total 141312K, used 17727K [0x00000006c1600000, 0x00000006ca000000, 0x000000076b200000)
  object space 141312K, 12% used [0x00000006c1600000,0x00000006c274fca8,0x00000006ca000000)
 Metaspace       used 49339K, capacity 51996K, committed 52224K, reserved 1093632K
  class space    used 6658K, capacity 7153K, committed 7168K, reserved 1048576K
Event: 9.601 GC heap after
Heap after GC invocations=13 (full 2):
 PSYoungGen      total 389632K, used 10805K [0x000000076b200000, 0x000000078ae80000, 0x00000007c0000000)
  eden space 372224K, 0% used [0x000000076b200000,0x000000076b200000,0x0000000781d80000)
  from space 17408K, 62% used [0x0000000781d80000,0x000000078280d490,0x0000000782e80000)
  to   space 16896K, 0% used [0x0000000789e00000,0x0000000789e00000,0x000000078ae80000)
 ParOldGen       total 141312K, used 26740K [0x00000006c1600000, 0x00000006ca000000, 0x000000076b200000)
  object space 141312K, 18% used [0x00000006c1600000,0x00000006c301d0b0,0x00000006ca000000)
 Metaspace       used 49339K, capacity 51996K, committed 52224K, reserved 1093632K
  class space    used 6658K, capacity 7153K, committed 7168K, reserved 1048576K
}
Event: 11.347 GC heap before
{Heap before GC invocations=14 (full 2):
 PSYoungGen      total 389632K, used 383029K [0x000000076b200000, 0x000000078ae80000, 0x00000007c0000000)
  eden space 372224K, 100% used [0x000000076b200000,0x0000000781d80000,0x0000000781d80000)
  from space 17408K, 62% used [0x0000000781d80000,0x000000078280d490,0x0000000782e80000)
  to   space 16896K, 0% used [0x0000000789e00000,0x0000000789e00000,0x000000078ae80000)
 ParOldGen       total 141312K, used 26740K [0x00000006c1600000, 0x00000006ca000000, 0x000000076b200000)
  object space 141312K, 18% used [0x00000006c1600000,0x00000006c301d0b0,0x00000006ca000000)
 Metaspace       used 55259K, capacity 58454K, committed 58624K, reserved 1099776K
  class space    used 7502K, capacity 8085K, committed 8192K, reserved 1048576K
Event: 11.369 GC heap after
Heap after GC invocations=14 (full 2):
 PSYoungGen      total 498688K, used 16876K [0x000000076b200000, 0x000000078b580000, 0x00000007c0000000)
  eden space 481792K, 0% used [0x000000076b200000,0x000000076b200000,0x0000000788880000)
  from space 16896K, 99% used [0x0000000789e00000,0x000000078ae7b230,0x000000078ae80000)
  to   space 22016K, 0% used [0x0000000788880000,0x0000000788880000,0x0000000789e00000)
 ParOldGen       total 141312K, used 36352K [0x00000006c1600000, 0x00000006ca000000, 0x000000076b200000)
  object space 141312K, 25% used [0x00000006c1600000,0x00000006c39801c8,0x00000006ca000000)
 Metaspace       used 55259K, capacity 58454K, committed 58624K, reserved 1099776K
  class space    used 7502K, capacity 8085K, committed 8192K, reserved 1048576K
}
Event: 11.438 GC heap before
{Heap before GC invocations=15 (full 2):
 PSYoungGen      total 498688K, used 37892K [0x000000076b200000, 0x000000078b580000, 0x00000007c0000000)
  eden space 481792K, 4% used [0x000000076b200000,0x000000076c686150,0x0000000788880000)
  from space 16896K, 99% used [0x0000000789e00000,0x000000078ae7b230,0x000000078ae80000)
  to   space 22016K, 0% used [0x0000000788880000,0x0000000788880000,0x0000000789e00000)
 ParOldGen       total 141312K, used 36352K [0x00000006c1600000, 0x00000006ca000000, 0x000000076b200000)
  object space 141312K, 25% used [0x00000006c1600000,0x00000006c39801c8,0x00000006ca000000)
 Metaspace       used 55803K, capacity 58992K, committed 59028K, reserved 1099776K
  class space    used 7562K, capacity 8156K, committed 8192K, reserved 1048576K
Event: 11.447 GC heap after
Heap after GC invocations=15 (full 2):
 PSYoungGen      total 503808K, used 917K [0x000000076b200000, 0x0000000798380000, 0x00000007c0000000)
  eden space 481792K, 0% used [0x000000076b200000,0x000000076b200000,0x0000000788880000)
  from space 22016K, 4% used [0x0000000788880000,0x0000000788965718,0x0000000789e00000)
  to   space 23040K, 0% used [0x0000000796d00000,0x0000000796d00000,0x0000000798380000)
 ParOldGen       total 141312K, used 45296K [0x00000006c1600000, 0x00000006ca000000, 0x000000076b200000)
  object space 141312K, 32% used [0x00000006c1600000,0x00000006c423c300,0x00000006ca000000)
 Metaspace       used 55803K, capacity 58992K, committed 59028K, reserved 1099776K
  class space    used 7562K, capacity 8156K, committed 8192K, reserved 1048576K
}
Event: 11.447 GC heap before
{Heap before GC invocations=16 (full 3):
 PSYoungGen      total 503808K, used 917K [0x000000076b200000, 0x0000000798380000, 0x00000007c0000000)
  eden space 481792K, 0% used [0x000000076b200000,0x000000076b200000,0x0000000788880000)
  from space 22016K, 4% used [0x0000000788880000,0x0000000788965718,0x0000000789e00000)
  to   space 23040K, 0% used [0x0000000796d00000,0x0000000796d00000,0x0000000798380000)
 ParOldGen       total 141312K, used 45296K [0x00000006c1600000, 0x00000006ca000000, 0x000000076b200000)
  object space 141312K, 32% used [0x00000006c1600000,0x00000006c423c300,0x00000006ca000000)
 Metaspace       used 55803K, capacity 58992K, committed 59028K, reserved 1099776K
  class space    used 7562K, capacity 8156K, committed 8192K, reserved 1048576K
Event: 11.660 GC heap after
Heap after GC invocations=16 (full 3):
 PSYoungGen      total 503808K, used 0K [0x000000076b200000, 0x0000000798380000, 0x00000007c0000000)
  eden space 481792K, 0% used [0x000000076b200000,0x000000076b200000,0x0000000788880000)
  from space 22016K, 0% used [0x0000000788880000,0x0000000788880000,0x0000000789e00000)
  to   space 23040K, 0% used [0x0000000796d00000,0x0000000796d00000,0x0000000798380000)
 ParOldGen       total 197120K, used 42548K [0x00000006c1600000, 0x00000006cd680000, 0x000000076b200000)
  object space 197120K, 21% used [0x00000006c1600000,0x00000006c3f8d3d8,0x00000006cd680000)
 Metaspace       used 55803K, capacity 58992K, committed 59028K, reserved 1099776K
  class space    used 7562K, capacity 8156K, committed 8192K, reserved 1048576K
}
Event: 14.288 GC heap before
{Heap before GC invocations=17 (full 3):
 PSYoungGen      total 503808K, used 481792K [0x000000076b200000, 0x0000000798380000, 0x00000007c0000000)
  eden space 481792K, 100% used [0x000000076b200000,0x0000000788880000,0x0000000788880000)
  from space 22016K, 0% used [0x0000000788880000,0x0000000788880000,0x0000000789e00000)
  to   space 23040K, 0% used [0x0000000796d00000,0x0000000796d00000,0x0000000798380000)
 ParOldGen       total 197120K, used 42548K [0x00000006c1600000, 0x00000006cd680000, 0x000000076b200000)
  object space 197120K, 21% used [0x00000006c1600000,0x00000006c3f8d3d8,0x00000006cd680000)
 Metaspace       used 63372K, capacity 67664K, committed 67840K, reserved 1107968K
  class space    used 8659K, capacity 9472K, committed 9472K, reserved 1048576K
Event: 14.307 GC heap after
Heap after GC invocations=17 (full 3):
 PSYoungGen      total 678400K, used 18670K [0x000000076b200000, 0x0000000797f80000, 0x00000007c0000000)
  eden space 659456K, 0% used [0x000000076b200000,0x000000076b200000,0x0000000793600000)
  from space 18944K, 98% used [0x0000000796d00000,0x0000000797f3b900,0x0000000797f80000)
  to   space 24576K, 0% used [0x0000000794f80000,0x0000000794f80000,0x0000000796780000)
 ParOldGen       total 197120K, used 42556K [0x00000006c1600000, 0x00000006cd680000, 0x000000076b200000)
  object space 197120K, 21% used [0x00000006c1600000,0x00000006c3f8f3d8,0x00000006cd680000)
 Metaspace       used 63372K, capacity 67664K, committed 67840K, reserved 1107968K
  class space    used 8659K, capacity 9472K, committed 9472K, reserved 1048576K
}

Deoptimization events (0 events):
No events

Classes redefined (0 events):
No events

Internal exceptions (10 events):
Event: 120.835 Thread 0x0000000025c45800 Exception <a 'java/lang/StackOverflowError'> (0x0000000778b4bee0) thrown at [C:\re\workspace\8-2-build-windows-amd64-cygwin\jdk8u221\13320\hotspot\src\share\vm\prims\jvm.cpp, line 1506]
Event: 120.835 Thread 0x0000000025c45800 Exception <a 'java/lang/StackOverflowError'> (0x0000000778b4bee0) thrown at [C:\re\workspace\8-2-build-windows-amd64-cygwin\jdk8u221\13320\hotspot\src\share\vm\prims\jvm.cpp, line 1506]
Event: 120.835 Thread 0x0000000025c45800 Exception <a 'java/lang/StackOverflowError'> (0x0000000778b4bee0) thrown at [C:\re\workspace\8-2-build-windows-amd64-cygwin\jdk8u221\13320\hotspot\src\share\vm\oops\instanceKlass.cpp, line 959]
Event: 120.835 Thread 0x000000001e27f000 Exception <a 'java/lang/NoClassDefFoundError': Could not initialize class com.alibaba.csp.sentinel.context.ContextUtil> (0x0000000778a84508) thrown at [C:\re\workspace\8-2-build-windows-amd64-cygwin\jdk8u221\13320\hotspot\src\share\vm\oops\instanceKlass.c
Event: 120.835 Thread 0x0000000025ed8800 Exception <a 'java/lang/NoClassDefFoundError': Could not initialize class com.alibaba.csp.sentinel.context.ContextUtil> (0x00000007789a7e00) thrown at [C:\re\workspace\8-2-build-windows-amd64-cygwin\jdk8u221\13320\hotspot\src\share\vm\oops\instanceKlass.c
Event: 120.836 Thread 0x0000000025ed8800 StackOverflowError at 0x0000000003340280
Event: 120.836 Thread 0x0000000025ed8800 Exception <a 'java/lang/StackOverflowError'> (0x00000007789b3e58) thrown at [C:\re\workspace\8-2-build-windows-amd64-cygwin\jdk8u221\13320\hotspot\src\share\vm\runtime\sharedRuntime.cpp, line 605]
Event: 120.836 Thread 0x0000000025ed8800 Exception <a 'java/lang/StackOverflowError'> (0x00000007789b3e58) thrown at [C:\re\workspace\8-2-build-windows-amd64-cygwin\jdk8u221\13320\hotspot\src\share\vm\prims\jvm.cpp, line 1506]
Event: 120.840 Thread 0x0000000025ed8800 Exception <a 'sun/nio/fs/WindowsException'> (0x0000000778a309d0) thrown at [C:\re\workspace\8-2-build-windows-amd64-cygwin\jdk8u221\13320\hotspot\src\share\vm\prims\jni.cpp, line 710]
Event: 120.840 Thread 0x0000000025ed8800 Exception <a 'sun/nio/fs/WindowsException'> (0x0000000778a31040) thrown at [C:\re\workspace\8-2-build-windows-amd64-cygwin\jdk8u221\13320\hotspot\src\share\vm\prims\jni.cpp, line 710]

Events (10 events):
Event: 120.849 loading class org/springblade/core/launch/constant/TokenConstant
Event: 120.849 loading class org/springblade/core/launch/constant/TokenConstant done
Event: 120.851 loading class io/jsonwebtoken/Jwts
Event: 120.851 loading class io/jsonwebtoken/Jwts done
Event: 120.852 loading class io/jsonwebtoken/lang/Classes
Event: 120.852 loading class io/jsonwebtoken/lang/Classes done
Event: 120.853 loading class io/jsonwebtoken/lang/Classes$1
Event: 120.853 loading class io/jsonwebtoken/lang/Classes$1 done
Event: 120.853 loading class io/jsonwebtoken/lang/Classes$ExceptionIgnoringAccessor
Event: 120.853 loading class io/jsonwebtoken/lang/Classes$ExceptionIgnoringAccessor done


Dynamic libraries:
0x00007ff636640000 - 0x00007ff636677000 	C:\Program Files\Java\jdk1.8.0_221\bin\java.exe
0x00007fff01210000 - 0x00007fff01406000 	C:\WINDOWS\SYSTEM32\ntdll.dll
0x00007fff00320000 - 0x00007fff003dd000 	C:\WINDOWS\System32\KERNEL32.DLL
0x00007ffefeea0000 - 0x00007ffeff169000 	C:\WINDOWS\System32\KERNELBASE.dll
0x00007ffeffec0000 - 0x00007ffefff6c000 	C:\WINDOWS\System32\ADVAPI32.dll
0x00007fff00dd0000 - 0x00007fff00e6e000 	C:\WINDOWS\System32\msvcrt.dll
0x00007fff00250000 - 0x00007fff002ec000 	C:\WINDOWS\System32\sechost.dll
0x00007ffefff70000 - 0x00007fff0009b000 	C:\WINDOWS\System32\RPCRT4.dll
0x00007fff003e0000 - 0x00007fff00580000 	C:\WINDOWS\System32\USER32.dll
0x00007ffefebc0000 - 0x00007ffefebe2000 	C:\WINDOWS\System32\win32u.dll
0x00007fff002f0000 - 0x00007fff0031a000 	C:\WINDOWS\System32\GDI32.dll
0x00007ffefec90000 - 0x00007ffefed99000 	C:\WINDOWS\System32\gdi32full.dll
0x00007ffefebf0000 - 0x00007ffefec8d000 	C:\WINDOWS\System32\msvcp_win.dll
0x00007ffefeda0000 - 0x00007ffefeea0000 	C:\WINDOWS\System32\ucrtbase.dll
0x00007ffee8230000 - 0x00007ffee84cb000 	C:\WINDOWS\WinSxS\amd64_microsoft.windows.common-controls_6595b64144ccf1df_6.0.19041.488_none_ca04af081b815d21\COMCTL32.dll
0x00007fff00e70000 - 0x00007fff00ea0000 	C:\WINDOWS\System32\IMM32.DLL
0x000000005e8c0000 - 0x000000005e992000 	C:\Program Files\Java\jdk1.8.0_221\jre\bin\msvcr100.dll
0x000000005e010000 - 0x000000005e8b5000 	C:\Program Files\Java\jdk1.8.0_221\jre\bin\server\jvm.dll
0x00007fff011c0000 - 0x00007fff011c8000 	C:\WINDOWS\System32\PSAPI.DLL
0x00007ffeecbf0000 - 0x00007ffeecbf9000 	C:\WINDOWS\SYSTEM32\WSOCK32.dll
0x00007fff01130000 - 0x00007fff0119b000 	C:\WINDOWS\System32\WS2_32.dll
0x00007ffedff40000 - 0x00007ffedff67000 	C:\WINDOWS\SYSTEM32\WINMM.dll
0x00007ffef2740000 - 0x00007ffef274a000 	C:\WINDOWS\SYSTEM32\VERSION.dll
0x00007ffefa6b0000 - 0x00007ffefa6bf000 	C:\Program Files\Java\jdk1.8.0_221\jre\bin\verify.dll
0x00007ffeecc40000 - 0x00007ffeecc69000 	C:\Program Files\Java\jdk1.8.0_221\jre\bin\java.dll
0x00007ffeecc10000 - 0x00007ffeecc33000 	C:\Program Files\Java\jdk1.8.0_221\jre\bin\instrument.dll
0x00007ffeedd60000 - 0x00007ffeedd76000 	C:\Program Files\Java\jdk1.8.0_221\jre\bin\zip.dll
0x00007ffeff710000 - 0x00007ffeffe52000 	C:\WINDOWS\System32\SHELL32.dll
0x00007ffefca80000 - 0x00007ffefd215000 	C:\WINDOWS\SYSTEM32\windows.storage.dll
0x00007ffeff3b0000 - 0x00007ffeff706000 	C:\WINDOWS\System32\combase.dll
0x00007ffefe220000 - 0x00007ffefe24c000 	C:\WINDOWS\SYSTEM32\Wldp.dll
0x00007fff00c50000 - 0x00007fff00cfe000 	C:\WINDOWS\System32\SHCORE.dll
0x00007ffeffe60000 - 0x00007ffeffeb5000 	C:\WINDOWS\System32\shlwapi.dll
0x00007ffefe880000 - 0x00007ffefe8a6000 	C:\WINDOWS\SYSTEM32\profapi.dll
0x00007ffeec270000 - 0x00007ffeec28a000 	C:\Program Files\JetBrains\IntelliJ IDEA 2019.1.2\bin\breakgen64.dll
0x00007ffeecaf0000 - 0x00007ffeecb0a000 	C:\Program Files\Java\jdk1.8.0_221\jre\bin\net.dll
0x00007ffeef230000 - 0x00007ffeef41d000 	C:\WINDOWS\SYSTEM32\urlmon.dll
0x00007ffeeef80000 - 0x00007ffeef230000 	C:\WINDOWS\SYSTEM32\iertutil.dll
0x00007ffefe010000 - 0x00007ffefe07a000 	C:\WINDOWS\system32\mswsock.dll
0x00007ffefdd60000 - 0x00007ffefde2b000 	C:\WINDOWS\SYSTEM32\DNSAPI.dll
0x00007ffefdd20000 - 0x00007ffefdd5b000 	C:\WINDOWS\SYSTEM32\IPHLPAPI.DLL
0x00007fff00ab0000 - 0x00007fff00ab8000 	C:\WINDOWS\System32\NSI.dll
0x00007ffef2b10000 - 0x00007ffef2b1a000 	C:\Windows\System32\rasadhlp.dll
0x00007ffef3860000 - 0x00007ffef38df000 	C:\WINDOWS\System32\fwpuclnt.dll
0x00007ffeff240000 - 0x00007ffeff267000 	C:\WINDOWS\System32\bcrypt.dll
0x00007ffeede80000 - 0x00007ffeede8d000 	C:\Program Files\Java\jdk1.8.0_221\jre\bin\management.dll
0x00007ffeec290000 - 0x00007ffeec2a2000 	C:\Program Files\Java\jdk1.8.0_221\jre\bin\nio.dll
0x00007ffefe260000 - 0x00007ffefe278000 	C:\WINDOWS\SYSTEM32\CRYPTSP.dll
0x00007ffefd9c0000 - 0x00007ffefd9f4000 	C:\WINDOWS\system32\rsaenh.dll
0x00007ffefe800000 - 0x00007ffefe82e000 	C:\WINDOWS\SYSTEM32\USERENV.dll
0x00007ffeff1c0000 - 0x00007ffeff240000 	C:\WINDOWS\System32\bcryptprimitives.dll
0x00007ffefe190000 - 0x00007ffefe19c000 	C:\WINDOWS\SYSTEM32\CRYPTBASE.dll
0x00007ffef5630000 - 0x00007ffef5647000 	C:\WINDOWS\SYSTEM32\dhcpcsvc6.DLL
0x00007ffef5740000 - 0x00007ffef575d000 	C:\WINDOWS\SYSTEM32\dhcpcsvc.DLL
0x00007ffeeb280000 - 0x00007ffeeb297000 	C:\WINDOWS\system32\napinsp.dll
0x00007ffeeb260000 - 0x00007ffeeb27b000 	C:\WINDOWS\system32\pnrpnsp.dll
0x00007ffeeb240000 - 0x00007ffeeb255000 	C:\WINDOWS\system32\wshbth.dll
0x00007ffefa3f0000 - 0x00007ffefa40d000 	C:\WINDOWS\system32\NLAapi.dll
0x00007ffeeb220000 - 0x00007ffeeb232000 	C:\WINDOWS\System32\winrnr.dll
0x00007ffed9360000 - 0x00007ffed93a9000 	C:\WINDOWS\SYSTEM32\pdh.dll
0x00007ffefa480000 - 0x00007ffefa48f000 	C:\WINDOWS\System32\perfproc.dll
0x00007ffededd0000 - 0x00007ffededdf000 	C:\WINDOWS\System32\perfos.dll
0x00007ffeebd90000 - 0x00007ffeebdb4000 	C:\Program Files\Java\jdk1.8.0_221\jre\bin\sunec.dll
0x00007ffefa6a0000 - 0x00007ffefa6ab000 	C:\Program Files\Java\jdk1.8.0_221\jre\bin\sunmscapi.dll
0x00007ffefea60000 - 0x00007ffefebbd000 	C:\WINDOWS\System32\CRYPT32.dll
0x00007ffeeaeb0000 - 0x00007ffeeb094000 	C:\WINDOWS\SYSTEM32\dbghelp.dll

VM Arguments:
jvm_args: -XX:TieredStopAtLevel=1 -Xverify:none -Dspring.output.ansi.enabled=always -Dcom.sun.management.jmxremote -Dspring.jmx.enabled=true -Dspring.liveBeansView.mbeanDomain -Dspring.application.admin.enabled=true -javaagent:C:\Program Files\JetBrains\IntelliJ IDEA 2019.1.2\lib\idea_rt.jar=56650:C:\Program Files\JetBrains\IntelliJ IDEA 2019.1.2\bin -Dfile.encoding=UTF-8 
java_command: org.springblade.modeling.ModelingApplication
java_class_path (initial): C:\Program Files\Java\jdk1.8.0_221\jre\lib\charsets.jar;C:\Program Files\Java\jdk1.8.0_221\jre\lib\deploy.jar;C:\Program Files\Java\jdk1.8.0_221\jre\lib\ext\access-bridge-64.jar;C:\Program Files\Java\jdk1.8.0_221\jre\lib\ext\cldrdata.jar;C:\Program Files\Java\jdk1.8.0_221\jre\lib\ext\dnsns.jar;C:\Program Files\Java\jdk1.8.0_221\jre\lib\ext\jaccess.jar;C:\Program Files\Java\jdk1.8.0_221\jre\lib\ext\jfxrt.jar;C:\Program Files\Java\jdk1.8.0_221\jre\lib\ext\localedata.jar;C:\Program Files\Java\jdk1.8.0_221\jre\lib\ext\nashorn.jar;C:\Program Files\Java\jdk1.8.0_221\jre\lib\ext\sunec.jar;C:\Program Files\Java\jdk1.8.0_221\jre\lib\ext\sunjce_provider.jar;C:\Program Files\Java\jdk1.8.0_221\jre\lib\ext\sunmscapi.jar;C:\Program Files\Java\jdk1.8.0_221\jre\lib\ext\sunpkcs11.jar;C:\Program Files\Java\jdk1.8.0_221\jre\lib\ext\zipfs.jar;C:\Program Files\Java\jdk1.8.0_221\jre\lib\javaws.jar;C:\Program Files\Java\jdk1.8.0_221\jre\lib\jce.jar;C:\Program Files\Java\jdk1.8.0_221\jre\lib\jfr.jar;C:\Program Files\Java\jdk1.8.0_221\jre\lib\jfxswt.jar;C:\Program Files\Java\jdk1.8.0_221\jre\lib\jsse.jar;C:\Program Files\Java\jdk1.8.0_221\jre\lib\management-agent.jar;C:\Program Files\Java\jdk1.8.0_221\jre\lib\plugin.jar;C:\Program Files\Java\jdk1.8.0_221\jre\lib\resources.jar;C:\Program Files\Java\jdk1.8.0_221\jre\lib\rt.jar;F:\JavaWS\SpringBlade\blade-service\modeling-data\target\classes;C:\Users\Admin\.m2\repository\org\springblade\blade-core-boot\2.8.0\blade-core-boot-2.8.0.jar;C:\Users\Admin\.m2\repository\org\springframework\boot\spring-boot-starter-jdbc\2.2.11.RELEASE\spring-boot-starter-jdbc-2.2.11.RELEASE.jar;C:\Users\Admin\.m2\repository\org\springframework\boot\spring-boot-starter\2.2.11.RELEASE\spring-boot-starter-2.2.11.RELEASE.jar;C:\Users\Admin\.m2\repository\org\springframework\boot\spring-boot\2.2.11.RELEASE\spring-boot-2.2.11.RELEASE.jar;C:\Users\Admin\.m2\repository\org\springframework\boot\spring-boot-starter-logging\2.2.11.RELEASE\spring-boot
Launcher Type: SUN_STANDARD

Environment Variables:
JAVA_HOME=C:\Program Files\Java\jdk-15.0.1
PATH=E:\WINDOWS.X64_193000_db_home\bin;C:\Program Files\Common Files\Oracle\Java\javapath;C:\Program Files (x86)\Common Files\Oracle\Java\javapath;C:\WINDOWS\system32;C:\WINDOWS;C:\WINDOWS\System32\Wbem;C:\WINDOWS\System32\WindowsPowerShell\v1.0\;C:\WINDOWS\System32\OpenSSH\;C:\Program Files\Tail4win;C:\Program Files\Git\cmd;C:\Program Files\nodejs\;F:\xampp\php;C:\ProgramData\ComposerSetup\bin;C:\Program Files (x86)\Yarn\bin\;F:\JavaSpringEnv\apache-maven-3.6.3\bin;C:\Program Files\Java\jdk-15.0.1\bin;C:\Program Files\TortoiseGit\bin;C:\Users\Admin\AppData\Local\Microsoft\WindowsApps;;C:\Program Files\JetBrains\PhpStorm 2019.2.2\bin;;C:\Users\Admin\AppData\Roaming\npm;C:\Users\Admin\AppData\Roaming\Composer\vendor\bin;C:\Users\Admin\AppData\Local\Yarn\bin
USERNAME=Admin
OS=Windows_NT
PROCESSOR_IDENTIFIER=Intel64 Family 6 Model 60 Stepping 3, GenuineIntel



---------------  S Y S T E M  ---------------

OS: Windows 10.0 , 64 bit Build 19041 (10.0.19041.662)

CPU:total 4 (initial active 4) (4 cores per cpu, 1 threads per core) family 6 model 60 stepping 3, cmov, cx8, fxsr, mmx, sse, sse2, sse3, ssse3, sse4.1, sse4.2, popcnt, avx, avx2, aes, clmul, erms, lzcnt, tsc, tscinvbit, bmi1, bmi2

Memory: 4k page, physical 16678964k(5440068k free), swap 19750964k(672k free)

vm_info: Java HotSpot(TM) 64-Bit Server VM (25.221-b11) for windows-amd64 JRE (1.8.0_221-b11), built on Jul  4 2019 04:39:29 by "java_re" with MS VC++ 10.0 (VS2010)

time: Wed Dec 16 23:06:47 2020
timezone: Belarus Standard Time
elapsed time: 120 seconds (0d 0h 2m 0s)

